121.07.29 12:25 B D:\xampp\htdocs\bollitos\public_html\images\.DS_Store --> c2250905.ferozo.com /public_html/bollito/images .DS_Store
121.07.29 12:25 B D:\xampp\htdocs\bollitos\public_html\images\arrow-left-w.svg --> c2250905.ferozo.com /public_html/bollito/images arrow-left-w.svg
121.07.29 12:25 B D:\xampp\htdocs\bollitos\public_html\images\arrow-left.svg --> c2250905.ferozo.com /public_html/bollito/images arrow-left.svg
121.07.29 12:25 B D:\xampp\htdocs\bollitos\public_html\images\arrow-right-c.svg --> c2250905.ferozo.com /public_html/bollito/images arrow-right-c.svg
121.07.29 12:25 B D:\xampp\htdocs\bollitos\public_html\images\arrow-right.svg --> c2250905.ferozo.com /public_html/bollito/images arrow-right.svg
121.07.29 12:25 B D:\xampp\htdocs\bollitos\public_html\images\bg1.png --> c2250905.ferozo.com /public_html/bollito/images bg1.png
121.07.29 12:25 B D:\xampp\htdocs\bollitos\public_html\images\bg2.png --> c2250905.ferozo.com /public_html/bollito/images bg2.png
121.07.29 12:25 B D:\xampp\htdocs\bollitos\public_html\images\brand.svg --> c2250905.ferozo.com /public_html/bollito/images brand.svg
121.07.29 12:25 B D:\xampp\htdocs\bollitos\public_html\images\chevron.svg --> c2250905.ferozo.com /public_html/bollito/images chevron.svg
121.07.29 12:25 B D:\xampp\htdocs\bollitos\public_html\images\grisines-1500.png --> c2250905.ferozo.com /public_html/bollito/images grisines-1500.png
121.07.29 12:27 B D:\xampp\htdocs\bollitos\public_html\images\.DS_Store --> c2250905.ferozo.com /public_html/bollito/images .DS_Store
121.07.29 12:27 B D:\xampp\htdocs\bollitos\public_html\images\arrow-left-w.svg --> c2250905.ferozo.com /public_html/bollito/images arrow-left-w.svg
121.07.29 12:27 B D:\xampp\htdocs\bollitos\public_html\images\arrow-left.svg --> c2250905.ferozo.com /public_html/bollito/images arrow-left.svg
121.07.29 12:27 B D:\xampp\htdocs\bollitos\public_html\images\arrow-right-c.svg --> c2250905.ferozo.com /public_html/bollito/images arrow-right-c.svg
121.07.29 12:27 B D:\xampp\htdocs\bollitos\public_html\images\arrow-right.svg --> c2250905.ferozo.com /public_html/bollito/images arrow-right.svg
121.07.29 12:27 B D:\xampp\htdocs\bollitos\public_html\images\bg1.png --> c2250905.ferozo.com /public_html/bollito/images bg1.png
121.07.29 12:27 B D:\xampp\htdocs\bollitos\public_html\images\bg2.png --> c2250905.ferozo.com /public_html/bollito/images bg2.png
121.07.29 12:27 B D:\xampp\htdocs\bollitos\public_html\images\brand.svg --> c2250905.ferozo.com /public_html/bollito/images brand.svg
121.07.29 12:27 B D:\xampp\htdocs\bollitos\public_html\images\chevron.svg --> c2250905.ferozo.com /public_html/bollito/images chevron.svg
121.07.29 12:27 B D:\xampp\htdocs\bollitos\public_html\images\grisines-1500.png --> c2250905.ferozo.com /public_html/bollito/images grisines-1500.png
121.07.29 12:27 B D:\xampp\htdocs\bollitos\public_html\images\grisines-300.png --> c2250905.ferozo.com /public_html/bollito/images grisines-300.png
121.07.29 12:27 B D:\xampp\htdocs\bollitos\public_html\images\grisines-bollitos-1000.png --> c2250905.ferozo.com /public_html/bollito/images grisines-bollitos-1000.png
121.07.29 12:27 B D:\xampp\htdocs\bollitos\public_html\images\grisines-bollitos-200.png --> c2250905.ferozo.com /public_html/bollito/images grisines-bollitos-200.png
121.07.29 12:28 B D:\xampp\htdocs\bollitos\public_html\images\grisines-bolsita.png --> c2250905.ferozo.com /public_html/bollito/images grisines-bolsita.png
121.07.29 12:28 B D:\xampp\htdocs\bollitos\public_html\images\grisines-dieteticos-1000.png --> c2250905.ferozo.com /public_html/bollito/images grisines-dieteticos-1000.png
121.07.29 12:28 B D:\xampp\htdocs\bollitos\public_html\images\grisines-dieteticos-200.png --> c2250905.ferozo.com /public_html/bollito/images grisines-dieteticos-200.png
121.07.29 12:28 B D:\xampp\htdocs\bollitos\public_html\images\grisines-salbado-1000.png --> c2250905.ferozo.com /public_html/bollito/images grisines-salbado-1000.png
121.07.29 12:28 B D:\xampp\htdocs\bollitos\public_html\images\grisines-salbado-200.png --> c2250905.ferozo.com /public_html/bollito/images grisines-salbado-200.png
121.07.29 12:28 B D:\xampp\htdocs\bollitos\public_html\images\grisines.png --> c2250905.ferozo.com /public_html/bollito/images grisines.png
